Arguments: 
  C:\Program Files\nodejs\node.exe C:\Users\fvald\AppData\Roaming\npm\node_modules\yarn\bin\yarn.js deploy

PATH: 
  C:\Users\fvald\bin;C:\Program Files\Git\mingw64\bin;C:\Program Files\Git\usr\local\bin;C:\Program Files\Git\usr\bin;C:\Program Files\Git\usr\bin;C:\Program Files\Git\mingw64\bin;C:\Program Files\Git\usr\bin;C:\Users\fvald\bin;C:\Users\fvald\introcs\java\bin;C:\ProgramData\Oracle\Java\javapath;C:\Windows\system32;C:\Windows;C:\Windows\System32\Wbem;C:\Windows\System32\WindowsPowerShell\v1.0;C:\WINDOWS\system32;C:\WINDOWS;C:\WINDOWS\System32\Wbem;C:\WINDOWS\System32\WindowsPowerShell\v1.0;C:\Program Files\Git\cmd;C:\Program Files\nodejs;C:\Program Files\MySQL\MySQL Server 5.7\bin;C:\Program Files\MongoDB\Server\3.6\bin;C:\Ruby24-x64\bin;C:\Users\fvald\introcs\j3d\bin;C:\Users\fvald\introcs\bin;C:\Users\fvald\introcs\java\bin;C:\Users\fvald\AppData\Local\Microsoft\WindowsApps;C:\Users\fvald\AppData\Local\atom\bin;C:\Users\fvald\AppData\Local\Microsoft\WindowsApps;C:\Program Files\Heroku\bin;C:\Users\fvald\AppData\Roaming\npm;C:\Program Files\Git\usr\bin\vendor_perl;C:\Program Files\Git\usr\bin\core_perl

Yarn version: 
  1.5.1

Node version: 
  9.3.0

Platform: 
  win32 x64

npm manifest: 
  {
    "name": "ReactGame",
    "version": "0.1.0",
    "private": true,
    "dependencies": {
      "react": "^16.2.0",
      "react-dom": "^16.2.0",
      "react-scripts": "1.1.1"
    },
    "homepage": "https://fvaldez421.github.io/ReactGame/",
    "scripts": {
      "predeploy": "npm run build",
      "deploy": "gh-pages -b master -d build",
      "start": "react-scripts start",
      "build": "react-scripts build",
      "test": "react-scripts test --env=jsdom",
      "eject": "react-scripts eject"
    },
    "devDependencies": {
      "gh-pages": "^1.1.0"
    }
  }

yarn manifest: 
  No manifest

Lockfile: 
  No lockfile

Trace: 
  Error: Command failed.
  Exit code: 1
  Command: C:\WINDOWS\system32\cmd.exe
  Arguments: /d /s /c npm run build
  Directory: C:\Users\fvald\Desktop\fvaldez421.github.io\ReactGame
  Output:
  
      at ProcessTermError.MessageError (C:\Users\fvald\AppData\Roaming\npm\node_modules\yarn\lib\cli.js:186:110)
      at new ProcessTermError (C:\Users\fvald\AppData\Roaming\npm\node_modules\yarn\lib\cli.js:226:113)
      at ChildProcess.<anonymous> (C:\Users\fvald\AppData\Roaming\npm\node_modules\yarn\lib\cli.js:30281:17)
      at ChildProcess.emit (events.js:159:13)
      at maybeClose (internal/child_process.js:943:16)
      at Process.ChildProcess._handle.onexit (internal/child_process.js:220:5)
